-------------------------------------
./src/util/qcdio/comsrc/iostyle.C
--------------------------------------
    SCUTransComplete();
      SCUTransComplete();
	SCUTransComplete();
	  SCUTransComplete();
	  SCUTransComplete();
    SCUTransComplete();
    SCUTransComplete();
      SCUTransComplete();
      SCUTransComplete();
      SCUTransComplete();
      SCUTransComplete();
--------------------------------------
./src/util/qcdio/comsrc/qcdio.C
--------------------------------------
        SCUTransComplete();
        SCUTransComplete();
        SCUTransComplete();
        SCUTransComplete();